<?xml version="1.0" encoding="UTF-8"?>
<testng-results ignored="0" total="6" passed="6" failed="0" skipped="0">
  <reporter-output>
  </reporter-output>
  <suite started-at="2022-12-10T18:41:05 IST" name="Suite" finished-at="2022-12-10T18:41:34 IST" duration-ms="29459">
    <groups>
    </groups>
    <test started-at="2022-12-10T18:41:05 IST" name="Test" finished-at="2022-12-10T18:41:34 IST" duration-ms="29459">
      <class name="SwagLabs.SwagLabsTest">
        <test-method signature="homeTest(java.lang.String)[pri:1, instance:SwagLabs.SwagLabsTest@4c371370]" started-at="2022-12-10T18:41:05 IST" name="homeTest" finished-at="2022-12-10T18:41:12 IST" duration-ms="7186" status="PASS">
          <params>
            <param index="0">
              <value>
                <![CDATA[https://www.saucedemo.com/]]>
              </value>
            </param>
          </params>
          <reporter-output>
          </reporter-output>
        </test-method> <!-- homeTest -->
        <test-method signature="loginTest(java.lang.String,java.lang.String)[pri:2, instance:SwagLabs.SwagLabsTest@4c371370]" started-at="2022-12-10T18:41:12 IST" name="loginTest" finished-at="2022-12-10T18:41:19 IST" duration-ms="6565" status="PASS">
          <params>
            <param index="0">
              <value>
                <![CDATA[standard_user]]>
              </value>
            </param>
            <param index="1">
              <value>
                <![CDATA[secret_sauce]]>
              </value>
            </param>
          </params>
          <reporter-output>
          </reporter-output>
        </test-method> <!-- loginTest -->
        <test-method signature="addToCartTest(java.lang.String)[pri:3, instance:SwagLabs.SwagLabsTest@4c371370]" started-at="2022-12-10T18:41:19 IST" name="addToCartTest" data-provider="productNames" finished-at="2022-12-10T18:41:19 IST" duration-ms="476" status="PASS">
          <params>
            <param index="0">
              <value>
                <![CDATA[Sauce Labs Backpack]]>
              </value>
            </param>
          </params>
          <reporter-output>
          </reporter-output>
        </test-method> <!-- addToCartTest -->
        <test-method signature="addToCartTest(java.lang.String)[pri:3, instance:SwagLabs.SwagLabsTest@4c371370]" started-at="2022-12-10T18:41:19 IST" name="addToCartTest" data-provider="productNames" finished-at="2022-12-10T18:41:19 IST" duration-ms="327" status="PASS">
          <params>
            <param index="0">
              <value>
                <![CDATA[Sauce Labs Bolt T-Shirt]]>
              </value>
            </param>
          </params>
          <reporter-output>
          </reporter-output>
        </test-method> <!-- addToCartTest -->
        <test-method signature="verfifyCartTest()[pri:4, instance:SwagLabs.SwagLabsTest@4c371370]" started-at="2022-12-10T18:41:19 IST" name="verfifyCartTest" finished-at="2022-12-10T18:41:20 IST" duration-ms="227" status="PASS">
          <reporter-output>
          </reporter-output>
        </test-method> <!-- verfifyCartTest -->
        <test-method signature="CheckoutTest(java.lang.String,java.lang.String,java.lang.String)[pri:5, instance:SwagLabs.SwagLabsTest@4c371370]" started-at="2022-12-10T18:41:20 IST" name="CheckoutTest" finished-at="2022-12-10T18:41:34 IST" duration-ms="14574" status="PASS">
          <params>
            <param index="0">
              <value>
                <![CDATA[Devdatta]]>
              </value>
            </param>
            <param index="1">
              <value>
                <![CDATA[n]]>
              </value>
            </param>
            <param index="2">
              <value>
                <![CDATA[111000]]>
              </value>
            </param>
          </params>
          <reporter-output>
          </reporter-output>
        </test-method> <!-- CheckoutTest -->
      </class> <!-- SwagLabs.SwagLabsTest -->
    </test> <!-- Test -->
  </suite> <!-- Suite -->
</testng-results>
