<?xml version="1.0" encoding="UTF-8"?>
<!-- Generated by org.testng.reporters.JUnitXMLReporter -->
<testsuite ignored="0" hostname="ab-PC" failures="0" tests="4" name="Default test" time="131.645" errors="0" timestamp="2022-11-30T16:46:55 IST">
  <testcase classname="SwagLabs.SwagLabsTest" name="homeTest" time="95.762"/>
  <testcase classname="SwagLabs.SwagLabsTest" name="loginTest" time="15.1"/>
  <testcase classname="SwagLabs.SwagLabsTest" name="addToCartTest" time="3.128"/>
  <testcase classname="SwagLabs.SwagLabsTest" name="CheckoutTest" time="17.309"/>
</testsuite> <!-- Default test -->
