<?xml version="1.0" encoding="UTF-8"?>
<!-- Generated by org.testng.reporters.JUnitXMLReporter -->
<testsuite ignored="0" hostname="Deva" failures="0" tests="6" name="Test" time="29.586" errors="0" timestamp="2022-12-14T09:34:37 IST">
  <testcase classname="SwagLabs.SwagLabsTest" name="homeTest" time="7.208"/>
  <testcase classname="SwagLabs.SwagLabsTest" name="loginTest" time="6.638"/>
  <testcase classname="SwagLabs.SwagLabsTest" name="addToCartTest" time="0.463"/>
  <testcase classname="SwagLabs.SwagLabsTest" name="addToCartTest" time="0.281"/>
  <testcase classname="SwagLabs.SwagLabsTest" name="verfifyCartTest" time="0.184"/>
  <testcase classname="SwagLabs.SwagLabsTest" name="CheckoutTest" time="14.662"/>
</testsuite> <!-- Test -->
