<?xml version="1.0" encoding="UTF-8"?>
<!-- Generated by org.testng.reporters.JUnitXMLReporter -->
<testsuite ignored="0" hostname="DELL-PC" failures="0" tests="6" name="Test" time="29.459" errors="0" timestamp="2022-12-10T18:41:34 IST">
  <testcase classname="SwagLabs.SwagLabsTest" name="homeTest" time="7.186"/>
  <testcase classname="SwagLabs.SwagLabsTest" name="loginTest" time="6.565"/>
  <testcase classname="SwagLabs.SwagLabsTest" name="addToCartTest" time="0.476"/>
  <testcase classname="SwagLabs.SwagLabsTest" name="addToCartTest" time="0.327"/>
  <testcase classname="SwagLabs.SwagLabsTest" name="verfifyCartTest" time="0.227"/>
  <testcase classname="SwagLabs.SwagLabsTest" name="CheckoutTest" time="14.574"/>
</testsuite> <!-- Test -->
